<?xml version="1.0" encoding="UTF-8"?>
<!-- Generated by org.testng.reporters.JUnitXMLReporter -->
<testsuite ignored="0" hostname="CISPL-IO-80" failures="2" tests="6" name="Surefire test" time="32.686" errors="0" timestamp="2024-08-05T14:33:46 IST">
  <testcase classname="TestPackage.CartPageTest" name="addtocartsccsmsgchecking" time="1.721">
    <failure type="java.lang.AssertionError" message="expected [The product has been added to your shopping cart 123] but found [The product has been added to your shopping cart]">
      <![CDATA[java.lang.AssertionError: expected [The product has been added to your shopping cart 123] but found [The product has been added to your shopping cart]
at TestPackage.CartPageTest.addtocartsccsmsgchecking(CartPageTest.java:22)
at java.base/java.util.ArrayList.forEach(ArrayList.java:1511)
... Removed 38 stack frames]]>
    </failure>
  </testcase> <!-- addtocartsccsmsgchecking -->
  <testcase classname="TestPackage.HomeTest" name="categorylinkTest" time="0.482"/>
  <testcase classname="TestPackage.HomeTest" name="heading" time="0.269"/>
  <testcase classname="TestPackage.HomeTest" name="homecontent" time="0.45">
    <skipped/>
  </testcase> <!-- homecontent -->
  <testcase classname="TestPackage.HomeTest" name="homecontent" time="0.707">
    <skipped/>
  </testcase> <!-- homecontent -->
  <testcase classname="TestPackage.HomeTest" name="homecontent" time="0.434">
    <failure type="java.lang.AssertionError" message="expected [If you have questions, see the Documentation, or post in the Forums at nopCommerce.com 1] but found [If you have questions, see the Documentation, or post in the Forums at nopCommerce.com]">
      <![CDATA[java.lang.AssertionError: expected [If you have questions, see the Documentation, or post in the Forums at nopCommerce.com 1] but found [If you have questions, see the Documentation, or post in the Forums at nopCommerce.com]
at TestPackage.HomeTest.homecontent(HomeTest.java:38)
at java.base/java.util.ArrayList.forEach(ArrayList.java:1511)
... Removed 38 stack frames]]>
    </failure>
  </testcase> <!-- homecontent -->
</testsuite> <!-- Surefire test -->
