<?xml version="1.0" encoding="UTF-8"?>
<testng-results retried="2" ignored="2" total="7" passed="2" failed="1" skipped="0">
  <reporter-output>
  </reporter-output>
  <suite started-at="2024-07-31T19:45:52 IST" name="Suite" finished-at="2024-07-31T19:46:21 IST" duration-ms="28383">
    <groups>
      <group name="Group2">
        <method signature="HomeTest.categorylinkTest()[pri:0, instance:TestPackage.HomeTest@7e990ed7]" name="categorylinkTest" class="TestPackage.HomeTest"/>
      </group> <!-- Group2 -->
    </groups>
    <test started-at="2024-07-31T19:45:52 IST" name="Home Page Test" finished-at="2024-07-31T19:46:21 IST" duration-ms="28383">
      <class name="TestPackage.HomeTest">
        <test-method is-config="true" signature="gotoLandingpage()[pri:0, instance:TestPackage.HomeTest@7e990ed7]" started-at="2024-07-31T19:45:52 IST" name="gotoLandingpage" finished-at="2024-07-31T19:45:59 IST" duration-ms="6396" status="PASS">
          <reporter-output>
          </reporter-output>
        </test-method> <!-- gotoLandingpage -->
        <test-method signature="categorylinkTest()[pri:0, instance:TestPackage.HomeTest@7e990ed7]" started-at="2024-07-31T19:45:59 IST" name="categorylinkTest" finished-at="2024-07-31T19:45:59 IST" duration-ms="635" status="PASS">
          <reporter-output>
          </reporter-output>
        </test-method> <!-- categorylinkTest -->
        <test-method is-config="true" signature="closeBrowser()[pri:0, instance:TestPackage.HomeTest@7e990ed7]" started-at="2024-07-31T19:45:59 IST" name="closeBrowser" finished-at="2024-07-31T19:46:00 IST" duration-ms="341" status="PASS">
          <reporter-output>
          </reporter-output>
        </test-method> <!-- closeBrowser -->
        <test-method is-config="true" signature="gotoLandingpage()[pri:0, instance:TestPackage.HomeTest@7e990ed7]" started-at="2024-07-31T19:46:00 IST" name="gotoLandingpage" finished-at="2024-07-31T19:46:04 IST" duration-ms="4320" status="PASS">
          <reporter-output>
          </reporter-output>
        </test-method> <!-- gotoLandingpage -->
        <test-method signature="heading()[pri:0, instance:TestPackage.HomeTest@7e990ed7]" started-at="2024-07-31T19:46:04 IST" name="heading" finished-at="2024-07-31T19:46:05 IST" duration-ms="457" status="PASS">
          <reporter-output>
          </reporter-output>
        </test-method> <!-- heading -->
        <test-method is-config="true" signature="closeBrowser()[pri:0, instance:TestPackage.HomeTest@7e990ed7]" started-at="2024-07-31T19:46:05 IST" name="closeBrowser" finished-at="2024-07-31T19:46:05 IST" duration-ms="386" status="PASS">
          <reporter-output>
          </reporter-output>
        </test-method> <!-- closeBrowser -->
        <test-method is-config="true" signature="gotoLandingpage()[pri:0, instance:TestPackage.HomeTest@7e990ed7]" started-at="2024-07-31T19:46:05 IST" name="gotoLandingpage" finished-at="2024-07-31T19:46:10 IST" duration-ms="4793" status="PASS">
          <reporter-output>
          </reporter-output>
        </test-method> <!-- gotoLandingpage -->
        <test-method retried="true" signature="homecontent()[pri:0, instance:TestPackage.HomeTest@7e990ed7]" started-at="2024-07-31T19:46:10 IST" name="homecontent" finished-at="2024-07-31T19:46:10 IST" duration-ms="543" status="SKIP">
          <exception class="java.lang.AssertionError">
            <message>
              <![CDATA[expected [If you have questions, see the Documentation, or post in the Forums at nopCommerce.com 1] but found [If you have questions, see the Documentation, or post in the Forums at nopCommerce.com]]]>
            </message>
            <full-stacktrace>
              <![CDATA[java.lang.AssertionError: expected [If you have questions, see the Documentation, or post in the Forums at nopCommerce.com 1] but found [If you have questions, see the Documentation, or post in the Forums at nopCommerce.com]
at org.testng.Assert.fail(Assert.java:111)
at org.testng.Assert.failNotEquals(Assert.java:1578)
at org.testng.Assert.assertEqualsImpl(Assert.java:150)
at org.testng.Assert.assertEquals(Assert.java:132)
at org.testng.Assert.assertEquals(Assert.java:656)
at org.testng.Assert.assertEquals(Assert.java:666)
at TestPackage.HomeTest.homecontent(HomeTest.java:38)
at java.base/jdk.internal.reflect.NativeMethodAccessorImpl.invoke0(Native Method)
at java.base/jdk.internal.reflect.NativeMethodAccessorImpl.invoke(NativeMethodAccessorImpl.java:77)
at java.base/jdk.internal.reflect.DelegatingMethodAccessorImpl.invoke(DelegatingMethodAccessorImpl.java:43)
at java.base/java.lang.reflect.Method.invoke(Method.java:568)
at org.testng.internal.invokers.MethodInvocationHelper.invokeMethod(MethodInvocationHelper.java:139)
at org.testng.internal.invokers.TestInvoker.invokeMethod(TestInvoker.java:664)
at org.testng.internal.invokers.TestInvoker.invokeTestMethod(TestInvoker.java:227)
at org.testng.internal.invokers.MethodRunner.runInSequence(MethodRunner.java:50)
at org.testng.internal.invokers.TestInvoker$MethodInvocationAgent.invoke(TestInvoker.java:957)
at org.testng.internal.invokers.TestInvoker.invokeTestMethods(TestInvoker.java:200)
at org.testng.internal.invokers.TestMethodWorker.invokeTestMethods(TestMethodWorker.java:148)
at org.testng.internal.invokers.TestMethodWorker.run(TestMethodWorker.java:128)
at java.base/java.util.ArrayList.forEach(ArrayList.java:1511)
at org.testng.TestRunner.privateRun(TestRunner.java:848)
at org.testng.TestRunner.run(TestRunner.java:621)
at org.testng.SuiteRunner.runTest(SuiteRunner.java:443)
at org.testng.SuiteRunner.runSequentially(SuiteRunner.java:437)
at org.testng.SuiteRunner.privateRun(SuiteRunner.java:397)
at org.testng.SuiteRunner.run(SuiteRunner.java:336)
at org.testng.SuiteRunnerWorker.runSuite(SuiteRunnerWorker.java:52)
at org.testng.SuiteRunnerWorker.run(SuiteRunnerWorker.java:95)
at org.testng.TestNG.runSuitesSequentially(TestNG.java:1280)
at org.testng.TestNG.runSuitesLocally(TestNG.java:1200)
at org.testng.TestNG.runSuites(TestNG.java:1114)
at org.testng.TestNG.run(TestNG.java:1082)
at org.testng.remote.AbstractRemoteTestNG.run(AbstractRemoteTestNG.java:115)
at org.testng.remote.RemoteTestNG.initAndRun(RemoteTestNG.java:251)
at org.testng.remote.RemoteTestNG.main(RemoteTestNG.java:77)
]]>
            </full-stacktrace>
          </exception> <!-- java.lang.AssertionError -->
          <reporter-output>
          </reporter-output>
        </test-method> <!-- homecontent -->
        <test-method is-config="true" signature="closeBrowser()[pri:0, instance:TestPackage.HomeTest@7e990ed7]" started-at="2024-07-31T19:46:10 IST" name="closeBrowser" finished-at="2024-07-31T19:46:11 IST" duration-ms="339" status="PASS">
          <reporter-output>
          </reporter-output>
        </test-method> <!-- closeBrowser -->
        <test-method is-config="true" signature="gotoLandingpage()[pri:0, instance:TestPackage.HomeTest@7e990ed7]" started-at="2024-07-31T19:46:11 IST" name="gotoLandingpage" finished-at="2024-07-31T19:46:14 IST" duration-ms="3548" status="PASS">
          <reporter-output>
          </reporter-output>
        </test-method> <!-- gotoLandingpage -->
        <test-method retried="true" signature="homecontent()[pri:0, instance:TestPackage.HomeTest@7e990ed7]" started-at="2024-07-31T19:46:14 IST" name="homecontent" finished-at="2024-07-31T19:46:15 IST" duration-ms="629" status="SKIP">
          <exception class="java.lang.AssertionError">
            <message>
              <![CDATA[expected [If you have questions, see the Documentation, or post in the Forums at nopCommerce.com 1] but found [If you have questions, see the Documentation, or post in the Forums at nopCommerce.com]]]>
            </message>
            <full-stacktrace>
              <![CDATA[java.lang.AssertionError: expected [If you have questions, see the Documentation, or post in the Forums at nopCommerce.com 1] but found [If you have questions, see the Documentation, or post in the Forums at nopCommerce.com]
at org.testng.Assert.fail(Assert.java:111)
at org.testng.Assert.failNotEquals(Assert.java:1578)
at org.testng.Assert.assertEqualsImpl(Assert.java:150)
at org.testng.Assert.assertEquals(Assert.java:132)
at org.testng.Assert.assertEquals(Assert.java:656)
at org.testng.Assert.assertEquals(Assert.java:666)
at TestPackage.HomeTest.homecontent(HomeTest.java:38)
at java.base/jdk.internal.reflect.NativeMethodAccessorImpl.invoke0(Native Method)
at java.base/jdk.internal.reflect.NativeMethodAccessorImpl.invoke(NativeMethodAccessorImpl.java:77)
at java.base/jdk.internal.reflect.DelegatingMethodAccessorImpl.invoke(DelegatingMethodAccessorImpl.java:43)
at java.base/java.lang.reflect.Method.invoke(Method.java:568)
at org.testng.internal.invokers.MethodInvocationHelper.invokeMethod(MethodInvocationHelper.java:139)
at org.testng.internal.invokers.TestInvoker.invokeMethod(TestInvoker.java:664)
at org.testng.internal.invokers.TestInvoker.retryFailed(TestInvoker.java:248)
at org.testng.internal.invokers.MethodRunner.runInSequence(MethodRunner.java:62)
at org.testng.internal.invokers.TestInvoker$MethodInvocationAgent.invoke(TestInvoker.java:957)
at org.testng.internal.invokers.TestInvoker.invokeTestMethods(TestInvoker.java:200)
at org.testng.internal.invokers.TestMethodWorker.invokeTestMethods(TestMethodWorker.java:148)
at org.testng.internal.invokers.TestMethodWorker.run(TestMethodWorker.java:128)
at java.base/java.util.ArrayList.forEach(ArrayList.java:1511)
at org.testng.TestRunner.privateRun(TestRunner.java:848)
at org.testng.TestRunner.run(TestRunner.java:621)
at org.testng.SuiteRunner.runTest(SuiteRunner.java:443)
at org.testng.SuiteRunner.runSequentially(SuiteRunner.java:437)
at org.testng.SuiteRunner.privateRun(SuiteRunner.java:397)
at org.testng.SuiteRunner.run(SuiteRunner.java:336)
at org.testng.SuiteRunnerWorker.runSuite(SuiteRunnerWorker.java:52)
at org.testng.SuiteRunnerWorker.run(SuiteRunnerWorker.java:95)
at org.testng.TestNG.runSuitesSequentially(TestNG.java:1280)
at org.testng.TestNG.runSuitesLocally(TestNG.java:1200)
at org.testng.TestNG.runSuites(TestNG.java:1114)
at org.testng.TestNG.run(TestNG.java:1082)
at org.testng.remote.AbstractRemoteTestNG.run(AbstractRemoteTestNG.java:115)
at org.testng.remote.RemoteTestNG.initAndRun(RemoteTestNG.java:251)
at org.testng.remote.RemoteTestNG.main(RemoteTestNG.java:77)
]]>
            </full-stacktrace>
          </exception> <!-- java.lang.AssertionError -->
          <reporter-output>
          </reporter-output>
        </test-method> <!-- homecontent -->
        <test-method is-config="true" signature="closeBrowser()[pri:0, instance:TestPackage.HomeTest@7e990ed7]" started-at="2024-07-31T19:46:15 IST" name="closeBrowser" finished-at="2024-07-31T19:46:16 IST" duration-ms="820" status="PASS">
          <reporter-output>
          </reporter-output>
        </test-method> <!-- closeBrowser -->
        <test-method is-config="true" signature="gotoLandingpage()[pri:0, instance:TestPackage.HomeTest@7e990ed7]" started-at="2024-07-31T19:46:16 IST" name="gotoLandingpage" finished-at="2024-07-31T19:46:20 IST" duration-ms="3861" status="PASS">
          <reporter-output>
          </reporter-output>
        </test-method> <!-- gotoLandingpage -->
        <test-method signature="homecontent()[pri:0, instance:TestPackage.HomeTest@7e990ed7]" started-at="2024-07-31T19:46:20 IST" name="homecontent" finished-at="2024-07-31T19:46:20 IST" duration-ms="450" status="FAIL">
          <exception class="java.lang.AssertionError">
            <message>
              <![CDATA[expected [If you have questions, see the Documentation, or post in the Forums at nopCommerce.com 1] but found [If you have questions, see the Documentation, or post in the Forums at nopCommerce.com]]]>
            </message>
            <full-stacktrace>
              <![CDATA[java.lang.AssertionError: expected [If you have questions, see the Documentation, or post in the Forums at nopCommerce.com 1] but found [If you have questions, see the Documentation, or post in the Forums at nopCommerce.com]
at org.testng.Assert.fail(Assert.java:111)
at org.testng.Assert.failNotEquals(Assert.java:1578)
at org.testng.Assert.assertEqualsImpl(Assert.java:150)
at org.testng.Assert.assertEquals(Assert.java:132)
at org.testng.Assert.assertEquals(Assert.java:656)
at org.testng.Assert.assertEquals(Assert.java:666)
at TestPackage.HomeTest.homecontent(HomeTest.java:38)
at java.base/jdk.internal.reflect.NativeMethodAccessorImpl.invoke0(Native Method)
at java.base/jdk.internal.reflect.NativeMethodAccessorImpl.invoke(NativeMethodAccessorImpl.java:77)
at java.base/jdk.internal.reflect.DelegatingMethodAccessorImpl.invoke(DelegatingMethodAccessorImpl.java:43)
at java.base/java.lang.reflect.Method.invoke(Method.java:568)
at org.testng.internal.invokers.MethodInvocationHelper.invokeMethod(MethodInvocationHelper.java:139)
at org.testng.internal.invokers.TestInvoker.invokeMethod(TestInvoker.java:664)
at org.testng.internal.invokers.TestInvoker.retryFailed(TestInvoker.java:248)
at org.testng.internal.invokers.MethodRunner.runInSequence(MethodRunner.java:62)
at org.testng.internal.invokers.TestInvoker$MethodInvocationAgent.invoke(TestInvoker.java:957)
at org.testng.internal.invokers.TestInvoker.invokeTestMethods(TestInvoker.java:200)
at org.testng.internal.invokers.TestMethodWorker.invokeTestMethods(TestMethodWorker.java:148)
at org.testng.internal.invokers.TestMethodWorker.run(TestMethodWorker.java:128)
at java.base/java.util.ArrayList.forEach(ArrayList.java:1511)
at org.testng.TestRunner.privateRun(TestRunner.java:848)
at org.testng.TestRunner.run(TestRunner.java:621)
at org.testng.SuiteRunner.runTest(SuiteRunner.java:443)
at org.testng.SuiteRunner.runSequentially(SuiteRunner.java:437)
at org.testng.SuiteRunner.privateRun(SuiteRunner.java:397)
at org.testng.SuiteRunner.run(SuiteRunner.java:336)
at org.testng.SuiteRunnerWorker.runSuite(SuiteRunnerWorker.java:52)
at org.testng.SuiteRunnerWorker.run(SuiteRunnerWorker.java:95)
at org.testng.TestNG.runSuitesSequentially(TestNG.java:1280)
at org.testng.TestNG.runSuitesLocally(TestNG.java:1200)
at org.testng.TestNG.runSuites(TestNG.java:1114)
at org.testng.TestNG.run(TestNG.java:1082)
at org.testng.remote.AbstractRemoteTestNG.run(AbstractRemoteTestNG.java:115)
at org.testng.remote.RemoteTestNG.initAndRun(RemoteTestNG.java:251)
at org.testng.remote.RemoteTestNG.main(RemoteTestNG.java:77)
]]>
            </full-stacktrace>
          </exception> <!-- java.lang.AssertionError -->
          <reporter-output>
          </reporter-output>
        </test-method> <!-- homecontent -->
        <test-method is-config="true" signature="closeBrowser()[pri:0, instance:TestPackage.HomeTest@7e990ed7]" started-at="2024-07-31T19:46:20 IST" name="closeBrowser" finished-at="2024-07-31T19:46:21 IST" duration-ms="377" status="PASS">
          <reporter-output>
          </reporter-output>
        </test-method> <!-- closeBrowser -->
      </class> <!-- TestPackage.HomeTest -->
    </test> <!-- Home Page Test -->
  </suite> <!-- Suite -->
</testng-results>
